正在读取数据: ../data/train.csv ...
开始训练 (样本数: 4521)...
  Iter 0: RMSE = 27.1817
  Iter 1000: RMSE = 20.1687
  Iter 2000: RMSE = 18.8633
  Iter 3000: RMSE = 17.9145
  Iter 4000: RMSE = 17.1434
  Iter 5000: RMSE = 16.4847
  Iter 6000: RMSE = 15.9054
  Iter 7000: RMSE = 15.3863
  Iter 8000: RMSE = 14.9148
  Iter 9000: RMSE = 14.4822
  Iter 10000: RMSE = 14.0822
  Iter 11000: RMSE = 13.7102
  Iter 12000: RMSE = 13.3624
  Iter 13000: RMSE = 13.0360
  Iter 14000: RMSE = 12.7285
  Iter 15000: RMSE = 12.4380
  Iter 16000: RMSE = 12.1629
  Iter 17000: RMSE = 11.9019
  Iter 18000: RMSE = 11.6537
  Iter 19000: RMSE = 11.4173
  Iter 20000: RMSE = 11.1919
  Iter 21000: RMSE = 10.9767
  Iter 22000: RMSE = 10.7710
  Iter 23000: RMSE = 10.5742
  Iter 24000: RMSE = 10.3857
  Iter 25000: RMSE = 10.2051
  Iter 26000: RMSE = 10.0319
  Iter 27000: RMSE = 9.8658
  Iter 28000: RMSE = 9.7063
  Iter 29000: RMSE = 9.5531
  Iter 30000: RMSE = 9.4059
  Iter 31000: RMSE = 9.2644
  Iter 32000: RMSE = 9.1284
  Iter 33000: RMSE = 8.9976
  Iter 34000: RMSE = 8.8718
  Iter 35000: RMSE = 8.7507
  Iter 36000: RMSE = 8.6343
  Iter 37000: RMSE = 8.5222
  Iter 38000: RMSE = 8.4143
  Iter 39000: RMSE = 8.3104
  Iter 40000: RMSE = 8.2104
  Iter 41000: RMSE = 8.1141
  Iter 42000: RMSE = 8.0214
  Iter 43000: RMSE = 7.9322
  Iter 44000: RMSE = 7.8462
  Iter 45000: RMSE = 7.7635
  Iter 46000: RMSE = 7.6838
  Iter 47000: RMSE = 7.6071
  Iter 48000: RMSE = 7.5332
  Iter 49000: RMSE = 7.4621
  Iter 50000: RMSE = 7.3937
  Iter 51000: RMSE = 7.3278
  Iter 52000: RMSE = 7.2643
  Iter 53000: RMSE = 7.2033
  Iter 54000: RMSE = 7.1445
  Iter 55000: RMSE = 7.0879
  Iter 56000: RMSE = 7.0334
  Iter 57000: RMSE = 6.9810
  Iter 58000: RMSE = 6.9306
  Iter 59000: RMSE = 6.8821
  Iter 60000: RMSE = 6.8354
  Iter 61000: RMSE = 6.7905
  Iter 62000: RMSE = 6.7474
  Iter 63000: RMSE = 6.7058
  Iter 64000: RMSE = 6.6658
  Iter 65000: RMSE = 6.6274
  Iter 66000: RMSE = 6.5905
  Iter 67000: RMSE = 6.5549
  Iter 68000: RMSE = 6.5208
  Iter 69000: RMSE = 6.4879
  Iter 70000: RMSE = 6.4563
  Iter 71000: RMSE = 6.4260
  Iter 72000: RMSE = 6.3968
  Iter 73000: RMSE = 6.3688
  Iter 74000: RMSE = 6.3418
  Iter 75000: RMSE = 6.3159
  Iter 76000: RMSE = 6.2911
  Iter 77000: RMSE = 6.2671
  Iter 78000: RMSE = 6.2442
  Iter 79000: RMSE = 6.2221
  Iter 80000: RMSE = 6.2009
  Iter 81000: RMSE = 6.1805
  Iter 82000: RMSE = 6.1610
  Iter 83000: RMSE = 6.1422
  Iter 84000: RMSE = 6.1241
  Iter 85000: RMSE = 6.1068
  Iter 86000: RMSE = 6.0901
  Iter 87000: RMSE = 6.0742
  Iter 88000: RMSE = 6.0588
  Iter 89000: RMSE = 6.0441
  Iter 90000: RMSE = 6.0299
  Iter 91000: RMSE = 6.0163
  Iter 92000: RMSE = 6.0033
  Iter 93000: RMSE = 5.9907
  Iter 94000: RMSE = 5.9787
  Iter 95000: RMSE = 5.9672
  Iter 96000: RMSE = 5.9561
  Iter 97000: RMSE = 5.9454
  Iter 98000: RMSE = 5.9352
  Iter 99000: RMSE = 5.9254
  Iter 100000: RMSE = 5.9160
  Iter 101000: RMSE = 5.9070
  Iter 102000: RMSE = 5.8983
  Iter 103000: RMSE = 5.8899
  Iter 104000: RMSE = 5.8820
  Iter 105000: RMSE = 5.8743
  Iter 106000: RMSE = 5.8669
  Iter 107000: RMSE = 5.8598
  Iter 108000: RMSE = 5.8531
  Iter 109000: RMSE = 5.8465
  Iter 110000: RMSE = 5.8403
  Iter 111000: RMSE = 5.8343
  Iter 112000: RMSE = 5.8285
  Iter 113000: RMSE = 5.8230
  Iter 114000: RMSE = 5.8177
  Iter 115000: RMSE = 5.8126
  Iter 116000: RMSE = 5.8077
  Iter 117000: RMSE = 5.8030
  Iter 118000: RMSE = 5.7985
  Iter 119000: RMSE = 5.7942
  Iter 120000: RMSE = 5.7900
  Iter 121000: RMSE = 5.7860
  Iter 122000: RMSE = 5.7822
  Iter 123000: RMSE = 5.7785
  Iter 124000: RMSE = 5.7750
  Iter 125000: RMSE = 5.7716
  Iter 126000: RMSE = 5.7683
  Iter 127000: RMSE = 5.7652
  Iter 128000: RMSE = 5.7622
  Iter 129000: RMSE = 5.7593
  Iter 130000: RMSE = 5.7566
  Iter 131000: RMSE = 5.7539
  Iter 132000: RMSE = 5.7514
  Iter 133000: RMSE = 5.7489
  Iter 134000: RMSE = 5.7466
  Iter 135000: RMSE = 5.7443
  Iter 136000: RMSE = 5.7422
  Iter 137000: RMSE = 5.7401
  Iter 138000: RMSE = 5.7381
  Iter 139000: RMSE = 5.7362
  Iter 140000: RMSE = 5.7343
  Iter 141000: RMSE = 5.7325
  Iter 142000: RMSE = 5.7308
  Iter 143000: RMSE = 5.7292
  Iter 144000: RMSE = 5.7276
  Iter 145000: RMSE = 5.7261
  Iter 146000: RMSE = 5.7247
  Iter 147000: RMSE = 5.7233
  Iter 148000: RMSE = 5.7219
  Iter 149000: RMSE = 5.7207
  Iter 150000: RMSE = 5.7194
  Iter 151000: RMSE = 5.7182
  Iter 152000: RMSE = 5.7171
  Iter 153000: RMSE = 5.7160
  Iter 154000: RMSE = 5.7149
  Iter 155000: RMSE = 5.7139
  Iter 156000: RMSE = 5.7130
  Iter 157000: RMSE = 5.7120
  Iter 158000: RMSE = 5.7111
  Iter 159000: RMSE = 5.7102
  Iter 160000: RMSE = 5.7094
  Iter 161000: RMSE = 5.7086
  Iter 162000: RMSE = 5.7078
  Iter 163000: RMSE = 5.7071
  Iter 164000: RMSE = 5.7064
  Iter 165000: RMSE = 5.7057
  Iter 166000: RMSE = 5.7050
  Iter 167000: RMSE = 5.7044
  Iter 168000: RMSE = 5.7038
  Iter 169000: RMSE = 5.7032
  Iter 170000: RMSE = 5.7027
  Iter 171000: RMSE = 5.7021
  Iter 172000: RMSE = 5.7016
  Iter 173000: RMSE = 5.7011
  Iter 174000: RMSE = 5.7006
  Iter 175000: RMSE = 5.7001
  Iter 176000: RMSE = 5.6997
  Iter 177000: RMSE = 5.6993
  Iter 178000: RMSE = 5.6988
  Iter 179000: RMSE = 5.6984
  Iter 180000: RMSE = 5.6981
  Iter 181000: RMSE = 5.6977
  Iter 182000: RMSE = 5.6973
  Iter 183000: RMSE = 5.6970
  Iter 184000: RMSE = 5.6966
  Iter 185000: RMSE = 5.6963
  Iter 186000: RMSE = 5.6960
  Iter 187000: RMSE = 5.6957
  Iter 188000: RMSE = 5.6954
  Iter 189000: RMSE = 5.6952
  Iter 190000: RMSE = 5.6949
  Iter 191000: RMSE = 5.6946
  Iter 192000: RMSE = 5.6944
  Iter 193000: RMSE = 5.6942
  Iter 194000: RMSE = 5.6939
  Iter 195000: RMSE = 5.6937
  Iter 196000: RMSE = 5.6935
  Iter 197000: RMSE = 5.6933
  Iter 198000: RMSE = 5.6931
  Iter 199000: RMSE = 5.6929
  Iter 200000: RMSE = 5.6927
  Iter 201000: RMSE = 5.6925
  Iter 202000: RMSE = 5.6924
  Iter 203000: RMSE = 5.6922
  Iter 204000: RMSE = 5.6920
  Iter 205000: RMSE = 5.6919
  Iter 206000: RMSE = 5.6917
  Iter 207000: RMSE = 5.6916
  Iter 208000: RMSE = 5.6914
  Iter 209000: RMSE = 5.6913
  Iter 210000: RMSE = 5.6912
  Iter 211000: RMSE = 5.6911
  Iter 212000: RMSE = 5.6909
  Iter 213000: RMSE = 5.6908
  Iter 214000: RMSE = 5.6907
  Iter 215000: RMSE = 5.6906
  Iter 216000: RMSE = 5.6905
  Iter 217000: RMSE = 5.6904
  Iter 218000: RMSE = 5.6903
  Iter 219000: RMSE = 5.6902
  Iter 220000: RMSE = 5.6901
  Iter 221000: RMSE = 5.6900
  Iter 222000: RMSE = 5.6899
  Iter 223000: RMSE = 5.6898
  Iter 224000: RMSE = 5.6898
  Iter 225000: RMSE = 5.6897
  Iter 226000: RMSE = 5.6896
  Iter 227000: RMSE = 5.6895
  Iter 228000: RMSE = 5.6895
  Iter 229000: RMSE = 5.6894
  Iter 230000: RMSE = 5.6893
  Iter 231000: RMSE = 5.6893
  Iter 232000: RMSE = 5.6892
  Iter 233000: RMSE = 5.6891
  Iter 234000: RMSE = 5.6891
  Iter 235000: RMSE = 5.6890
  Iter 236000: RMSE = 5.6890
  Iter 237000: RMSE = 5.6889
  Iter 238000: RMSE = 5.6889
  Iter 239000: RMSE = 5.6888
  Iter 240000: RMSE = 5.6888
  Iter 241000: RMSE = 5.6887
  Iter 242000: RMSE = 5.6887
  Iter 243000: RMSE = 5.6886
  Iter 244000: RMSE = 5.6886
  Iter 245000: RMSE = 5.6885
  Iter 246000: RMSE = 5.6885
  Iter 247000: RMSE = 5.6885
  Iter 248000: RMSE = 5.6884
  Iter 249000: RMSE = 5.6884
  Iter 250000: RMSE = 5.6883
  Iter 251000: RMSE = 5.6883
  Iter 252000: RMSE = 5.6883
  Iter 253000: RMSE = 5.6882
  Iter 254000: RMSE = 5.6882
  Iter 255000: RMSE = 5.6882
  Iter 256000: RMSE = 5.6881
  Iter 257000: RMSE = 5.6881
  Iter 258000: RMSE = 5.6881
  Iter 259000: RMSE = 5.6881
  Iter 260000: RMSE = 5.6880
  Iter 261000: RMSE = 5.6880
  Iter 262000: RMSE = 5.6880
  Iter 263000: RMSE = 5.6880
  Iter 264000: RMSE = 5.6879
  Iter 265000: RMSE = 5.6879
  Iter 266000: RMSE = 5.6879
  Iter 267000: RMSE = 5.6879
  Iter 268000: RMSE = 5.6878
  Iter 269000: RMSE = 5.6878
  Iter 270000: RMSE = 5.6878
  Iter 271000: RMSE = 5.6878
  Iter 272000: RMSE = 5.6878
  Iter 273000: RMSE = 5.6877
  Iter 274000: RMSE = 5.6877
  Iter 275000: RMSE = 5.6877
  Iter 276000: RMSE = 5.6877
  Iter 277000: RMSE = 5.6877
  Iter 278000: RMSE = 5.6876
  Iter 279000: RMSE = 5.6876
  Iter 280000: RMSE = 5.6876
  Iter 281000: RMSE = 5.6876
  Iter 282000: RMSE = 5.6876
  Iter 283000: RMSE = 5.6876
  Iter 284000: RMSE = 5.6875
  Iter 285000: RMSE = 5.6875
  Iter 286000: RMSE = 5.6875
  Iter 287000: RMSE = 5.6875
  Iter 288000: RMSE = 5.6875
  Iter 289000: RMSE = 5.6875
  Iter 290000: RMSE = 5.6875
  Iter 291000: RMSE = 5.6875
  Iter 292000: RMSE = 5.6874
  Iter 293000: RMSE = 5.6874
  Iter 294000: RMSE = 5.6874
  Iter 295000: RMSE = 5.6874
  Iter 296000: RMSE = 5.6874
  Iter 297000: RMSE = 5.6874
  Iter 298000: RMSE = 5.6874
  Iter 299000: RMSE = 5.6874

=== 验证集 RMSE: 5.6999 ===

正在生成高级分析图表...
综合分析图表已保存: ../images\Result_Analysis_Dashboard.png
残差分析图已保存: ../images\Result_Residuals.png
正在使用全量数据重新训练最终模型...
开始训练 (样本数: 5652)...
  Iter 0: RMSE = 27.0710
  Iter 1000: RMSE = 20.1069
  Iter 2000: RMSE = 18.8055
  Iter 3000: RMSE = 17.8589
  Iter 4000: RMSE = 17.0893
  Iter 5000: RMSE = 16.4316
  Iter 6000: RMSE = 15.8529
  Iter 7000: RMSE = 15.3341
  Iter 8000: RMSE = 14.8629
  Iter 9000: RMSE = 14.4305
  Iter 10000: RMSE = 14.0307
  Iter 11000: RMSE = 13.6588
  Iter 12000: RMSE = 13.3111
  Iter 13000: RMSE = 12.9848
  Iter 14000: RMSE = 12.6774
  Iter 15000: RMSE = 12.3871
  Iter 16000: RMSE = 12.1122
  Iter 17000: RMSE = 11.8513
  Iter 18000: RMSE = 11.6033
  Iter 19000: RMSE = 11.3672
  Iter 20000: RMSE = 11.1420
  Iter 21000: RMSE = 10.9271
  Iter 22000: RMSE = 10.7216
  Iter 23000: RMSE = 10.5251
  Iter 24000: RMSE = 10.3369
  Iter 25000: RMSE = 10.1566
  Iter 26000: RMSE = 9.9837
  Iter 27000: RMSE = 9.8179
  Iter 28000: RMSE = 9.6587
  Iter 29000: RMSE = 9.5058
  Iter 30000: RMSE = 9.3590
  Iter 31000: RMSE = 9.2178
  Iter 32000: RMSE = 9.0822
  Iter 33000: RMSE = 8.9517
  Iter 34000: RMSE = 8.8262
  Iter 35000: RMSE = 8.7055
  Iter 36000: RMSE = 8.5894
  Iter 37000: RMSE = 8.4776
  Iter 38000: RMSE = 8.3701
  Iter 39000: RMSE = 8.2666
  Iter 40000: RMSE = 8.1669
  Iter 41000: RMSE = 8.0710
  Iter 42000: RMSE = 7.9787
  Iter 43000: RMSE = 7.8897
  Iter 44000: RMSE = 7.8042
  Iter 45000: RMSE = 7.7218
  Iter 46000: RMSE = 7.6424
  Iter 47000: RMSE = 7.5661
  Iter 48000: RMSE = 7.4925
  Iter 49000: RMSE = 7.4218
  Iter 50000: RMSE = 7.3536
  Iter 51000: RMSE = 7.2880
  Iter 52000: RMSE = 7.2249
  Iter 53000: RMSE = 7.1642
  Iter 54000: RMSE = 7.1057
  Iter 55000: RMSE = 7.0494
  Iter 56000: RMSE = 6.9953
  Iter 57000: RMSE = 6.9432
  Iter 58000: RMSE = 6.8931
  Iter 59000: RMSE = 6.8448
  Iter 60000: RMSE = 6.7984
  Iter 61000: RMSE = 6.7538
  Iter 62000: RMSE = 6.7109
  Iter 63000: RMSE = 6.6696
  Iter 64000: RMSE = 6.6299
  Iter 65000: RMSE = 6.5918
  Iter 66000: RMSE = 6.5551
  Iter 67000: RMSE = 6.5198
  Iter 68000: RMSE = 6.4858
  Iter 69000: RMSE = 6.4532
  Iter 70000: RMSE = 6.4219
  Iter 71000: RMSE = 6.3918
  Iter 72000: RMSE = 6.3628
  Iter 73000: RMSE = 6.3350
  Iter 74000: RMSE = 6.3082
  Iter 75000: RMSE = 6.2826
  Iter 76000: RMSE = 6.2579
  Iter 77000: RMSE = 6.2342
  Iter 78000: RMSE = 6.2114
  Iter 79000: RMSE = 6.1895
  Iter 80000: RMSE = 6.1685
  Iter 81000: RMSE = 6.1483
  Iter 82000: RMSE = 6.1289
  Iter 83000: RMSE = 6.1103
  Iter 84000: RMSE = 6.0924
  Iter 85000: RMSE = 6.0752
  Iter 86000: RMSE = 6.0587
  Iter 87000: RMSE = 6.0429
  Iter 88000: RMSE = 6.0277
  Iter 89000: RMSE = 6.0131
  Iter 90000: RMSE = 5.9990
  Iter 91000: RMSE = 5.9856
  Iter 92000: RMSE = 5.9727
  Iter 93000: RMSE = 5.9603
  Iter 94000: RMSE = 5.9484
  Iter 95000: RMSE = 5.9369
  Iter 96000: RMSE = 5.9260
  Iter 97000: RMSE = 5.9154
  Iter 98000: RMSE = 5.9053
  Iter 99000: RMSE = 5.8956
  Iter 100000: RMSE = 5.8863
  Iter 101000: RMSE = 5.8774
  Iter 102000: RMSE = 5.8688
  Iter 103000: RMSE = 5.8606
  Iter 104000: RMSE = 5.8527
  Iter 105000: RMSE = 5.8451
  Iter 106000: RMSE = 5.8378
  Iter 107000: RMSE = 5.8308
  Iter 108000: RMSE = 5.8241
  Iter 109000: RMSE = 5.8177
  Iter 110000: RMSE = 5.8115
  Iter 111000: RMSE = 5.8056
  Iter 112000: RMSE = 5.7999
  Iter 113000: RMSE = 5.7944
  Iter 114000: RMSE = 5.7892
  Iter 115000: RMSE = 5.7841
  Iter 116000: RMSE = 5.7793
  Iter 117000: RMSE = 5.7747
  Iter 118000: RMSE = 5.7702
  Iter 119000: RMSE = 5.7660
  Iter 120000: RMSE = 5.7619
  Iter 121000: RMSE = 5.7579
  Iter 122000: RMSE = 5.7542
  Iter 123000: RMSE = 5.7505
  Iter 124000: RMSE = 5.7471
  Iter 125000: RMSE = 5.7437
  Iter 126000: RMSE = 5.7405
  Iter 127000: RMSE = 5.7375
  Iter 128000: RMSE = 5.7345
  Iter 129000: RMSE = 5.7317
  Iter 130000: RMSE = 5.7290
  Iter 131000: RMSE = 5.7263
  Iter 132000: RMSE = 5.7238
  Iter 133000: RMSE = 5.7214
  Iter 134000: RMSE = 5.7191
  Iter 135000: RMSE = 5.7169
  Iter 136000: RMSE = 5.7148
  Iter 137000: RMSE = 5.7127
  Iter 138000: RMSE = 5.7108
  Iter 139000: RMSE = 5.7089
  Iter 140000: RMSE = 5.7071
  Iter 141000: RMSE = 5.7053
  Iter 142000: RMSE = 5.7037
  Iter 143000: RMSE = 5.7021
  Iter 144000: RMSE = 5.7005
  Iter 145000: RMSE = 5.6990
  Iter 146000: RMSE = 5.6976
  Iter 147000: RMSE = 5.6962
  Iter 148000: RMSE = 5.6949
  Iter 149000: RMSE = 5.6937
  Iter 150000: RMSE = 5.6925
  Iter 151000: RMSE = 5.6913
  Iter 152000: RMSE = 5.6902
  Iter 153000: RMSE = 5.6891
  Iter 154000: RMSE = 5.6881
  Iter 155000: RMSE = 5.6871
  Iter 156000: RMSE = 5.6861
  Iter 157000: RMSE = 5.6852
  Iter 158000: RMSE = 5.6844
  Iter 159000: RMSE = 5.6835
  Iter 160000: RMSE = 5.6827
  Iter 161000: RMSE = 5.6819
  Iter 162000: RMSE = 5.6812
  Iter 163000: RMSE = 5.6805
  Iter 164000: RMSE = 5.6798
  Iter 165000: RMSE = 5.6791
  Iter 166000: RMSE = 5.6785
  Iter 167000: RMSE = 5.6778
  Iter 168000: RMSE = 5.6772
  Iter 169000: RMSE = 5.6767
  Iter 170000: RMSE = 5.6761
  Iter 171000: RMSE = 5.6756
  Iter 172000: RMSE = 5.6751
  Iter 173000: RMSE = 5.6746
  Iter 174000: RMSE = 5.6741
  Iter 175000: RMSE = 5.6737
  Iter 176000: RMSE = 5.6733
  Iter 177000: RMSE = 5.6729
  Iter 178000: RMSE = 5.6725
  Iter 179000: RMSE = 5.6721
  Iter 180000: RMSE = 5.6717
  Iter 181000: RMSE = 5.6713
  Iter 182000: RMSE = 5.6710
  Iter 183000: RMSE = 5.6707
  Iter 184000: RMSE = 5.6703
  Iter 185000: RMSE = 5.6700
  Iter 186000: RMSE = 5.6697
  Iter 187000: RMSE = 5.6695
  Iter 188000: RMSE = 5.6692
  Iter 189000: RMSE = 5.6689
  Iter 190000: RMSE = 5.6687
  Iter 191000: RMSE = 5.6684
  Iter 192000: RMSE = 5.6682
  Iter 193000: RMSE = 5.6680
  Iter 194000: RMSE = 5.6678
  Iter 195000: RMSE = 5.6675
  Iter 196000: RMSE = 5.6673
  Iter 197000: RMSE = 5.6671
  Iter 198000: RMSE = 5.6670
  Iter 199000: RMSE = 5.6668
  Iter 200000: RMSE = 5.6666
  Iter 201000: RMSE = 5.6664
  Iter 202000: RMSE = 5.6663
  Iter 203000: RMSE = 5.6661
  Iter 204000: RMSE = 5.6660
  Iter 205000: RMSE = 5.6658
  Iter 206000: RMSE = 5.6657
  Iter 207000: RMSE = 5.6656
  Iter 208000: RMSE = 5.6654
  Iter 209000: RMSE = 5.6653
  Iter 210000: RMSE = 5.6652
  Iter 211000: RMSE = 5.6651
  Iter 212000: RMSE = 5.6650
  Iter 213000: RMSE = 5.6648
  Iter 214000: RMSE = 5.6647
  Iter 215000: RMSE = 5.6646
  Iter 216000: RMSE = 5.6645
  Iter 217000: RMSE = 5.6645
  Iter 218000: RMSE = 5.6644
  Iter 219000: RMSE = 5.6643
  Iter 220000: RMSE = 5.6642
  Iter 221000: RMSE = 5.6641
  Iter 222000: RMSE = 5.6640
  Iter 223000: RMSE = 5.6640
  Iter 224000: RMSE = 5.6639
  Iter 225000: RMSE = 5.6638
  Iter 226000: RMSE = 5.6637
  Iter 227000: RMSE = 5.6637
  Iter 228000: RMSE = 5.6636
  Iter 229000: RMSE = 5.6636
  Iter 230000: RMSE = 5.6635
  Iter 231000: RMSE = 5.6634
  Iter 232000: RMSE = 5.6634
  Iter 233000: RMSE = 5.6633
  Iter 234000: RMSE = 5.6633
  Iter 235000: RMSE = 5.6632
  Iter 236000: RMSE = 5.6632
  Iter 237000: RMSE = 5.6631
  Iter 238000: RMSE = 5.6631
  Iter 239000: RMSE = 5.6630
  Iter 240000: RMSE = 5.6630
  Iter 241000: RMSE = 5.6630
  Iter 242000: RMSE = 5.6629
  Iter 243000: RMSE = 5.6629
  Iter 244000: RMSE = 5.6628
  Iter 245000: RMSE = 5.6628
  Iter 246000: RMSE = 5.6628
  Iter 247000: RMSE = 5.6627
  Iter 248000: RMSE = 5.6627
  Iter 249000: RMSE = 5.6627
  Iter 250000: RMSE = 5.6626
  Iter 251000: RMSE = 5.6626
  Iter 252000: RMSE = 5.6626
  Iter 253000: RMSE = 5.6626
  Iter 254000: RMSE = 5.6625
  Iter 255000: RMSE = 5.6625
  Iter 256000: RMSE = 5.6625
  Iter 257000: RMSE = 5.6625
  Iter 258000: RMSE = 5.6624
  Iter 259000: RMSE = 5.6624
  Iter 260000: RMSE = 5.6624
  Iter 261000: RMSE = 5.6624
  Iter 262000: RMSE = 5.6624
  Iter 263000: RMSE = 5.6623
  Iter 264000: RMSE = 5.6623
  Iter 265000: RMSE = 5.6623
  Iter 266000: RMSE = 5.6623
  Iter 267000: RMSE = 5.6623
  Iter 268000: RMSE = 5.6622
  Iter 269000: RMSE = 5.6622
  Iter 270000: RMSE = 5.6622
  Iter 271000: RMSE = 5.6622
  Iter 272000: RMSE = 5.6622
  Iter 273000: RMSE = 5.6622
  Iter 274000: RMSE = 5.6622
  Iter 275000: RMSE = 5.6621
  Iter 276000: RMSE = 5.6621
  Iter 277000: RMSE = 5.6621
  Iter 278000: RMSE = 5.6621
  Iter 279000: RMSE = 5.6621
  Iter 280000: RMSE = 5.6621
  Iter 281000: RMSE = 5.6621
  Iter 282000: RMSE = 5.6621
  Iter 283000: RMSE = 5.6620
  Iter 284000: RMSE = 5.6620
  Iter 285000: RMSE = 5.6620
  Iter 286000: RMSE = 5.6620
  Iter 287000: RMSE = 5.6620
  Iter 288000: RMSE = 5.6620
  Iter 289000: RMSE = 5.6620
  Iter 290000: RMSE = 5.6620
  Iter 291000: RMSE = 5.6620
  Iter 292000: RMSE = 5.6620
  Iter 293000: RMSE = 5.6619
  Iter 294000: RMSE = 5.6619
  Iter 295000: RMSE = 5.6619
  Iter 296000: RMSE = 5.6619
  Iter 297000: RMSE = 5.6619
  Iter 298000: RMSE = 5.6619
  Iter 299000: RMSE = 5.6619
模型保存完成！

正在生成最终 predict.csv ...
预测完成，结果已保存至 ../data/predict.csv
